[2026-04-22T14:28:20.507+08:00] argv {
  _: [ 'test_search.yaml' ],
  summary: 'report.json',
  '$0': 'C:\\Users\\pc\\AppData\\Roaming\\npm\\node_modules\\@midscene\\cli\\bin\\midscene'
}
[2026-04-22T14:29:47.365+08:00] argv {
  _: [ 'test_search.yaml' ],
  summary: 'report.json',
  '$0': 'C:\\Users\\pc\\AppData\\Roaming\\npm\\node_modules\\@midscene\\cli\\bin\\midscene'
}
[2026-04-22T14:33:07.081+08:00] argv {
  _: [ 'test_search.yaml' ],
  summary: 'report.json',
  '$0': 'C:\\Users\\pc\\AppData\\Roaming\\npm\\node_modules\\@midscene\\cli\\bin\\midscene'
}
[2026-04-22T14:34:27.731+08:00] argv {
  _: [ 'test_search.yaml' ],
  summary: 'report.json',
  '$0': 'C:\\Users\\pc\\AppData\\Roaming\\npm\\node_modules\\@midscene\\cli\\bin\\midscene'
}
[2026-04-22T14:37:31.111+08:00] argv {
  _: [ 'test_search.yaml' ],
  summary: 'report.json',
  '$0': 'C:\\Users\\pc\\AppData\\Roaming\\npm\\node_modules\\@midscene\\cli\\bin\\midscene'
}
[2026-04-22T14:39:17.685+08:00] argv {
  _: [ 'test_search.yaml' ],
  summary: 'report.json',
  '$0': 'C:\\Users\\pc\\AppData\\Roaming\\npm\\node_modules\\@midscene\\cli\\bin\\midscene'
}
[2026-04-22T14:45:42.545+08:00] argv {
  _: [ 'test_search.yaml' ],
  summary: 'report.json',
  '$0': 'C:\\Users\\pc\\AppData\\Roaming\\npm\\node_modules\\@midscene\\cli\\bin\\midscene'
}
[2026-04-22T14:48:25.756+08:00] argv {
  _: [ 'test_search.yaml' ],
  summary: 'report.json',
  '$0': 'C:\\Users\\pc\\AppData\\Roaming\\npm\\node_modules\\@midscene\\cli\\bin\\midscene'
}
[2026-04-22T14:51:57.711+08:00] argv {
  _: [ 'test_search.yaml' ],
  summary: 'report.json',
  '$0': 'C:\\Users\\pc\\AppData\\Roaming\\npm\\node_modules\\@midscene\\cli\\bin\\midscene'
}
[2026-04-22T14:54:28.956+08:00] argv {
  _: [ 'test_search.yaml' ],
  summary: 'report.json',
  '$0': 'C:\\Users\\pc\\AppData\\Roaming\\npm\\node_modules\\@midscene\\cli\\bin\\midscene'
}
[2026-04-22T14:55:41.579+08:00] argv {
  _: [ 'test_search.yaml' ],
  summary: 'report.json',
  '$0': 'C:\\Users\\pc\\AppData\\Roaming\\npm\\node_modules\\@midscene\\cli\\bin\\midscene'
}
[2026-04-22T15:00:42.867+08:00] argv {
  _: [ 'test_search.yaml' ],
  summary: 'report.json',
  '$0': 'C:\\Users\\pc\\AppData\\Roaming\\npm\\node_modules\\@midscene\\cli\\bin\\midscene'
}
[2026-04-22T15:21:51.351+08:00] argv {
  _: [ 'test_search.yaml' ],
  summary: 'report.json',
  '$0': 'C:\\Users\\pc\\AppData\\Roaming\\npm\\node_modules\\@midscene\\cli\\bin\\midscene'
}
[2026-04-22T15:24:01.794+08:00] argv {
  _: [ 'test_search.yaml' ],
  summary: 'report.json',
  '$0': 'C:\\Users\\pc\\AppData\\Roaming\\npm\\node_modules\\@midscene\\cli\\bin\\midscene'
}
[2026-04-22T15:30:36.298+08:00] argv {
  _: [ 'test_search.yaml' ],
  summary: 'report.json',
  headed: true,
  '$0': 'C:\\Users\\pc\\AppData\\Roaming\\npm\\node_modules\\@midscene\\cli\\bin\\midscene'
}
[2026-04-22T15:46:38.980+08:00] argv {
  _: [ 'test_login.yaml' ],
  summary: 'report.json',
  headed: true,
  '$0': 'C:\\Users\\pc\\AppData\\Roaming\\npm\\node_modules\\@midscene\\cli\\bin\\midscene'
}
[2026-04-22T15:48:10.977+08:00] argv {
  _: [ 'test_login.yaml' ],
  summary: 'report.json',
  headed: true,
  '$0': 'C:\\Users\\pc\\AppData\\Roaming\\npm\\node_modules\\@midscene\\cli\\bin\\midscene'
}
[2026-04-23T11:22:47.916+08:00] argv {
  _: [ 'test_login.yaml' ],
  summary: 'report.json',
  headed: true,
  '$0': 'C:\\Users\\pc\\AppData\\Roaming\\npm\\node_modules\\@midscene\\cli\\bin\\midscene'
}
[2026-04-23T11:24:38.923+08:00] argv {
  _: [ 'test_login.yaml' ],
  summary: 'report.json',
  headed: true,
  '$0': 'C:\\Users\\pc\\AppData\\Roaming\\npm\\node_modules\\@midscene\\cli\\bin\\midscene'
}
