[2026-04-22T14:34:31.554+08:00] evaluate function begin
[2026-04-22T14:34:31.556+08:00] evaluate function end
[2026-04-22T14:34:31.556+08:00] screenshotBase64 begin
[2026-04-22T14:34:31.683+08:00] screenshotBase64 end, cost: 127ms
[2026-04-22T14:34:38.987+08:00] screenshotBase64 begin
[2026-04-22T14:34:39.099+08:00] screenshotBase64 end, cost: 112ms
[2026-04-22T14:34:39.373+08:00] mouse move to 718, 179
[2026-04-22T14:34:39.377+08:00] mouse click 718, 179, left, 1
[2026-04-22T14:34:39.699+08:00] waitForNavigation begin at moment afterInvokeAction with timeout: 5000 and actionName: Tap
[2026-04-22T14:34:39.701+08:00] waitForNetworkIdle begin at moment afterInvokeAction with timeout: 2000 and concurrency: 2 and actionName: Tap
[2026-04-22T14:34:39.719+08:00] waitForNavigation end
[2026-04-22T14:34:39.903+08:00] waitForNetworkIdle end
[2026-04-22T14:34:39.903+08:00] screenshotBase64 begin
[2026-04-22T14:34:39.984+08:00] screenshotBase64 end, cost: 81ms
[2026-04-22T14:34:44.860+08:00] screenshotBase64 begin
[2026-04-22T14:34:45.040+08:00] screenshotBase64 end, cost: 180ms
[2026-04-22T14:34:45.304+08:00] clearInput begin
[2026-04-22T14:34:45.304+08:00] mouse move to 718, 179
[2026-04-22T14:34:45.320+08:00] mouse click 718, 179, left, 1
[2026-04-22T14:34:45.443+08:00] keyboard press [ { key: 'Backspace' } ]
[2026-04-22T14:34:45.446+08:00] clearInput end
[2026-04-22T14:34:45.446+08:00] keyboard type 今日天气
[2026-04-22T14:34:46.127+08:00] waitForNavigation begin at moment afterInvokeAction with timeout: 5000 and actionName: Input
[2026-04-22T14:34:46.128+08:00] waitForNetworkIdle begin at moment afterInvokeAction with timeout: 2000 and concurrency: 2 and actionName: Input
[2026-04-22T14:34:46.134+08:00] waitForNavigation end
[2026-04-22T14:34:46.330+08:00] waitForNetworkIdle end
[2026-04-22T14:34:46.330+08:00] screenshotBase64 begin
[2026-04-22T14:34:46.425+08:00] screenshotBase64 end, cost: 95ms
[2026-04-22T14:34:51.246+08:00] screenshotBase64 begin
[2026-04-22T14:34:51.310+08:00] screenshotBase64 end, cost: 64ms
[2026-04-22T14:34:51.572+08:00] mouse move to 1166, 177
[2026-04-22T14:34:51.574+08:00] mouse click 1166, 177, left, 1
[2026-04-22T14:34:51.901+08:00] waitForNavigation begin at moment afterInvokeAction with timeout: 5000 and actionName: Tap
[2026-04-22T14:34:51.901+08:00] waitForNetworkIdle begin at moment afterInvokeAction with timeout: 2000 and concurrency: 2 and actionName: Tap
[2026-04-22T14:34:52.837+08:00] waitForNavigation end
[2026-04-22T14:34:53.912+08:00] waitForNetworkIdle end
[2026-04-22T14:34:53.912+08:00] screenshotBase64 begin
[2026-04-22T14:34:53.998+08:00] screenshotBase64 end, cost: 86ms
[2026-04-22T14:34:58.803+08:00] screenshotBase64 begin
[2026-04-22T14:34:58.886+08:00] screenshotBase64 end, cost: 83ms
[2026-04-22T14:35:01.948+08:00] screenshotBase64 begin
[2026-04-22T14:35:02.010+08:00] screenshotBase64 end, cost: 63ms
[2026-04-22T14:35:06.353+08:00] screenshotBase64 begin
[2026-04-22T14:35:06.433+08:00] screenshotBase64 end, cost: 80ms
[2026-04-22T14:37:36.675+08:00] evaluate function begin
[2026-04-22T14:37:36.679+08:00] evaluate function end
[2026-04-22T14:37:36.679+08:00] screenshotBase64 begin
[2026-04-22T14:37:36.776+08:00] screenshotBase64 end, cost: 97ms
[2026-04-22T14:37:42.807+08:00] screenshotBase64 begin
[2026-04-22T14:37:42.866+08:00] screenshotBase64 end, cost: 59ms
[2026-04-22T14:37:43.137+08:00] clearInput begin
[2026-04-22T14:37:43.137+08:00] mouse move to 655, 177
[2026-04-22T14:37:43.141+08:00] mouse click 655, 177, left, 1
[2026-04-22T14:37:43.276+08:00] keyboard press [ { key: 'Backspace' } ]
[2026-04-22T14:37:43.279+08:00] clearInput end
[2026-04-22T14:37:43.279+08:00] keyboard type 今日天气
[2026-04-22T14:37:43.956+08:00] waitForNavigation begin at moment afterInvokeAction with timeout: 5000 and actionName: Input
[2026-04-22T14:37:43.958+08:00] waitForNetworkIdle begin at moment afterInvokeAction with timeout: 2000 and concurrency: 2 and actionName: Input
[2026-04-22T14:37:43.975+08:00] waitForNavigation end
[2026-04-22T14:37:44.161+08:00] waitForNetworkIdle end
[2026-04-22T14:37:44.161+08:00] screenshotBase64 begin
[2026-04-22T14:37:44.237+08:00] screenshotBase64 end, cost: 76ms
[2026-04-22T14:37:48.838+08:00] screenshotBase64 begin
[2026-04-22T14:37:48.898+08:00] screenshotBase64 end, cost: 60ms
[2026-04-22T14:37:49.149+08:00] mouse move to 1166, 177
[2026-04-22T14:37:49.152+08:00] mouse click 1166, 177, left, 1
[2026-04-22T14:37:49.476+08:00] waitForNavigation begin at moment afterInvokeAction with timeout: 5000 and actionName: Tap
[2026-04-22T14:37:49.476+08:00] waitForNetworkIdle begin at moment afterInvokeAction with timeout: 2000 and concurrency: 2 and actionName: Tap
[2026-04-22T14:37:49.489+08:00] waitForNavigation end
[2026-04-22T14:37:51.482+08:00] waitForNetworkIdle end
[2026-04-22T14:37:51.482+08:00] screenshotBase64 begin
[2026-04-22T14:37:51.565+08:00] screenshotBase64 end, cost: 83ms
[2026-04-22T14:37:55.060+08:00] screenshotBase64 begin
[2026-04-22T14:37:55.129+08:00] screenshotBase64 end, cost: 69ms
[2026-04-22T14:37:58.198+08:00] screenshotBase64 begin
[2026-04-22T14:37:58.303+08:00] screenshotBase64 end, cost: 105ms
[2026-04-22T14:38:02.306+08:00] screenshotBase64 begin
[2026-04-22T14:38:02.395+08:00] screenshotBase64 end, cost: 89ms
[2026-04-22T14:39:21.281+08:00] evaluate function begin
[2026-04-22T14:39:21.285+08:00] evaluate function end
[2026-04-22T14:39:21.285+08:00] screenshotBase64 begin
[2026-04-22T14:39:21.434+08:00] screenshotBase64 end, cost: 149ms
[2026-04-22T14:39:26.257+08:00] screenshotBase64 begin
[2026-04-22T14:39:26.342+08:00] screenshotBase64 end, cost: 85ms
[2026-04-22T14:39:26.609+08:00] mouse move to 657, 177
[2026-04-22T14:39:26.613+08:00] mouse click 657, 177, left, 1
[2026-04-22T14:39:26.933+08:00] waitForNavigation begin at moment afterInvokeAction with timeout: 5000 and actionName: Tap
[2026-04-22T14:39:26.935+08:00] waitForNetworkIdle begin at moment afterInvokeAction with timeout: 2000 and concurrency: 2 and actionName: Tap
[2026-04-22T14:39:26.954+08:00] waitForNavigation end
[2026-04-22T14:39:27.138+08:00] waitForNetworkIdle end
[2026-04-22T14:39:27.138+08:00] screenshotBase64 begin
[2026-04-22T14:39:27.222+08:00] screenshotBase64 end, cost: 84ms
[2026-04-22T14:39:33.332+08:00] screenshotBase64 begin
[2026-04-22T14:39:33.399+08:00] screenshotBase64 end, cost: 67ms
[2026-04-22T14:39:33.661+08:00] clearInput begin
[2026-04-22T14:39:33.661+08:00] mouse move to 657, 177
[2026-04-22T14:39:33.664+08:00] mouse click 657, 177, left, 1
[2026-04-22T14:39:33.787+08:00] keyboard press [ { key: 'Backspace' } ]
[2026-04-22T14:39:33.790+08:00] clearInput end
[2026-04-22T14:39:33.790+08:00] keyboard type 今日天气
[2026-04-22T14:39:34.474+08:00] waitForNavigation begin at moment afterInvokeAction with timeout: 5000 and actionName: Input
[2026-04-22T14:39:34.474+08:00] waitForNetworkIdle begin at moment afterInvokeAction with timeout: 2000 and concurrency: 2 and actionName: Input
[2026-04-22T14:39:34.482+08:00] waitForNavigation end
[2026-04-22T14:39:34.676+08:00] waitForNetworkIdle end
[2026-04-22T14:39:34.676+08:00] screenshotBase64 begin
[2026-04-22T14:39:34.750+08:00] screenshotBase64 end, cost: 74ms
[2026-04-22T14:39:38.107+08:00] screenshotBase64 begin
[2026-04-22T14:39:38.192+08:00] screenshotBase64 end, cost: 85ms
[2026-04-22T14:39:38.445+08:00] keyboard press [ { key: 'Enter' } ]
[2026-04-22T14:39:38.771+08:00] waitForNavigation begin at moment afterInvokeAction with timeout: 5000 and actionName: KeyboardPress
[2026-04-22T14:39:38.771+08:00] waitForNetworkIdle begin at moment afterInvokeAction with timeout: 2000 and concurrency: 2 and actionName: KeyboardPress
[2026-04-22T14:39:39.303+08:00] waitForNavigation end
[2026-04-22T14:39:40.774+08:00] waitForNetworkIdle end
[2026-04-22T14:39:40.775+08:00] screenshotBase64 begin
[2026-04-22T14:39:40.863+08:00] screenshotBase64 end, cost: 88ms
[2026-04-22T14:39:44.471+08:00] screenshotBase64 begin
[2026-04-22T14:39:44.531+08:00] screenshotBase64 end, cost: 60ms
[2026-04-22T14:39:47.595+08:00] screenshotBase64 begin
[2026-04-22T14:39:47.673+08:00] screenshotBase64 end, cost: 78ms
[2026-04-22T14:39:50.867+08:00] screenshotBase64 begin
[2026-04-22T14:39:50.946+08:00] screenshotBase64 end, cost: 79ms
[2026-04-22T14:45:45.692+08:00] evaluate function begin
[2026-04-22T14:45:45.694+08:00] evaluate function end
[2026-04-22T14:45:45.694+08:00] screenshotBase64 begin
[2026-04-22T14:45:45.790+08:00] screenshotBase64 end, cost: 96ms
[2026-04-22T14:45:50.613+08:00] screenshotBase64 begin
[2026-04-22T14:45:50.732+08:00] screenshotBase64 end, cost: 119ms
[2026-04-22T14:45:51.005+08:00] mouse move to 716, 178
[2026-04-22T14:45:51.008+08:00] mouse click 716, 178, left, 1
[2026-04-22T14:45:51.332+08:00] waitForNavigation begin at moment afterInvokeAction with timeout: 5000 and actionName: Tap
[2026-04-22T14:45:51.333+08:00] waitForNetworkIdle begin at moment afterInvokeAction with timeout: 2000 and concurrency: 2 and actionName: Tap
[2026-04-22T14:45:51.351+08:00] waitForNavigation end
[2026-04-22T14:45:51.534+08:00] waitForNetworkIdle end
[2026-04-22T14:45:51.534+08:00] screenshotBase64 begin
[2026-04-22T14:45:51.607+08:00] screenshotBase64 end, cost: 73ms
[2026-04-22T14:45:56.290+08:00] screenshotBase64 begin
[2026-04-22T14:45:56.365+08:00] screenshotBase64 end, cost: 75ms
[2026-04-22T14:45:56.624+08:00] keyboard type 今日天气
[2026-04-22T14:45:57.306+08:00] waitForNavigation begin at moment afterInvokeAction with timeout: 5000 and actionName: Input
[2026-04-22T14:45:57.307+08:00] waitForNetworkIdle begin at moment afterInvokeAction with timeout: 2000 and concurrency: 2 and actionName: Input
[2026-04-22T14:45:57.315+08:00] waitForNavigation end
[2026-04-22T14:45:57.509+08:00] waitForNetworkIdle end
[2026-04-22T14:45:57.509+08:00] screenshotBase64 begin
[2026-04-22T14:45:57.583+08:00] screenshotBase64 end, cost: 74ms
[2026-04-22T14:46:01.709+08:00] screenshotBase64 begin
[2026-04-22T14:46:01.790+08:00] screenshotBase64 end, cost: 81ms
[2026-04-22T14:46:02.046+08:00] mouse move to 1166, 177
[2026-04-22T14:46:02.049+08:00] mouse click 1166, 177, left, 1
[2026-04-22T14:46:02.370+08:00] waitForNavigation begin at moment afterInvokeAction with timeout: 5000 and actionName: Tap
[2026-04-22T14:46:02.370+08:00] waitForNetworkIdle begin at moment afterInvokeAction with timeout: 2000 and concurrency: 2 and actionName: Tap
[2026-04-22T14:46:02.389+08:00] waitForNavigation end
[2026-04-22T14:46:04.371+08:00] waitForNetworkIdle end
[2026-04-22T14:46:04.371+08:00] screenshotBase64 begin
[2026-04-22T14:46:04.646+08:00] screenshotBase64 end, cost: 275ms
[2026-04-22T14:46:08.361+08:00] screenshotBase64 begin
[2026-04-22T14:46:08.417+08:00] screenshotBase64 end, cost: 56ms
[2026-04-22T14:46:11.472+08:00] screenshotBase64 begin
[2026-04-22T14:46:11.571+08:00] screenshotBase64 end, cost: 99ms
[2026-04-22T14:48:28.860+08:00] evaluate function begin
[2026-04-22T14:48:28.863+08:00] evaluate function end
[2026-04-22T14:48:28.863+08:00] screenshotBase64 begin
[2026-04-22T14:48:28.948+08:00] screenshotBase64 end, cost: 85ms
[2026-04-22T14:48:33.685+08:00] screenshotBase64 begin
[2026-04-22T14:48:33.765+08:00] screenshotBase64 end, cost: 80ms
[2026-04-22T14:48:34.038+08:00] mouse move to 718, 179
[2026-04-22T14:48:34.043+08:00] mouse click 718, 179, left, 1
[2026-04-22T14:48:34.363+08:00] waitForNavigation begin at moment afterInvokeAction with timeout: 5000 and actionName: Tap
[2026-04-22T14:48:34.365+08:00] waitForNetworkIdle begin at moment afterInvokeAction with timeout: 2000 and concurrency: 2 and actionName: Tap
[2026-04-22T14:48:34.382+08:00] waitForNavigation end
[2026-04-22T14:48:34.566+08:00] waitForNetworkIdle end
[2026-04-22T14:48:34.566+08:00] screenshotBase64 begin
[2026-04-22T14:48:34.633+08:00] screenshotBase64 end, cost: 67ms
[2026-04-22T14:48:39.258+08:00] screenshotBase64 begin
[2026-04-22T14:48:39.346+08:00] screenshotBase64 end, cost: 88ms
[2026-04-22T14:48:39.613+08:00] clearInput begin
[2026-04-22T14:48:39.613+08:00] mouse move to 718, 179
[2026-04-22T14:48:39.628+08:00] mouse click 718, 179, left, 1
[2026-04-22T14:48:39.753+08:00] keyboard press [ { key: 'Backspace' } ]
[2026-04-22T14:48:39.756+08:00] clearInput end
[2026-04-22T14:48:39.757+08:00] keyboard type 今日天气
[2026-04-22T14:48:40.437+08:00] waitForNavigation begin at moment afterInvokeAction with timeout: 5000 and actionName: Input
[2026-04-22T14:48:40.438+08:00] waitForNetworkIdle begin at moment afterInvokeAction with timeout: 2000 and concurrency: 2 and actionName: Input
[2026-04-22T14:48:40.446+08:00] waitForNavigation end
[2026-04-22T14:48:42.452+08:00] waitForNetworkIdle end
[2026-04-22T14:48:42.453+08:00] screenshotBase64 begin
[2026-04-22T14:48:42.512+08:00] screenshotBase64 end, cost: 59ms
[2026-04-22T14:48:46.971+08:00] screenshotBase64 begin
[2026-04-22T14:48:47.025+08:00] screenshotBase64 end, cost: 54ms
[2026-04-22T14:48:47.283+08:00] mouse move to 1171, 177
[2026-04-22T14:48:47.286+08:00] mouse click 1171, 177, left, 1
[2026-04-22T14:48:47.608+08:00] waitForNavigation begin at moment afterInvokeAction with timeout: 5000 and actionName: Tap
[2026-04-22T14:48:47.608+08:00] waitForNetworkIdle begin at moment afterInvokeAction with timeout: 2000 and concurrency: 2 and actionName: Tap
[2026-04-22T14:48:49.613+08:00] waitForNetworkIdle end
[2026-04-22T14:48:49.792+08:00] waitForNavigation end
[2026-04-22T14:48:49.793+08:00] screenshotBase64 begin
[2026-04-22T14:48:49.983+08:00] screenshotBase64 end, cost: 190ms
[2026-04-22T14:48:56.680+08:00] screenshotBase64 begin
[2026-04-22T14:48:56.745+08:00] screenshotBase64 end, cost: 65ms
[2026-04-22T14:52:00.897+08:00] evaluate function begin
[2026-04-22T14:52:00.905+08:00] evaluate function end
[2026-04-22T14:52:00.905+08:00] screenshotBase64 begin
[2026-04-22T14:52:01.715+08:00] screenshotBase64 end, cost: 810ms
[2026-04-22T14:52:07.057+08:00] screenshotBase64 begin
[2026-04-22T14:52:07.121+08:00] screenshotBase64 end, cost: 64ms
[2026-04-22T14:52:07.384+08:00] clearInput begin
[2026-04-22T14:52:07.384+08:00] mouse move to 718, 178
[2026-04-22T14:52:07.401+08:00] mouse click 718, 178, left, 1
[2026-04-22T14:52:07.523+08:00] keyboard press [ { key: 'Backspace' } ]
[2026-04-22T14:52:07.526+08:00] clearInput end
[2026-04-22T14:52:07.526+08:00] keyboard type 今日天气
[2026-04-22T14:52:08.210+08:00] waitForNavigation begin at moment afterInvokeAction with timeout: 5000 and actionName: Input
[2026-04-22T14:52:08.211+08:00] waitForNetworkIdle begin at moment afterInvokeAction with timeout: 2000 and concurrency: 2 and actionName: Input
[2026-04-22T14:52:08.228+08:00] waitForNavigation end
[2026-04-22T14:52:09.206+08:00] waitForNetworkIdle end
[2026-04-22T14:52:09.206+08:00] screenshotBase64 begin
[2026-04-22T14:52:09.267+08:00] screenshotBase64 end, cost: 61ms
[2026-04-22T14:52:13.088+08:00] screenshotBase64 begin
[2026-04-22T14:52:13.147+08:00] screenshotBase64 end, cost: 59ms
[2026-04-22T14:52:13.416+08:00] mouse move to 1166, 177
[2026-04-22T14:52:13.418+08:00] mouse click 1166, 177, left, 1
[2026-04-22T14:52:13.755+08:00] waitForNavigation begin at moment afterInvokeAction with timeout: 5000 and actionName: Tap
[2026-04-22T14:52:13.756+08:00] waitForNetworkIdle begin at moment afterInvokeAction with timeout: 2000 and concurrency: 2 and actionName: Tap
[2026-04-22T14:52:13.771+08:00] waitForNavigation end
[2026-04-22T14:52:13.957+08:00] waitForNetworkIdle end
[2026-04-22T14:52:13.958+08:00] screenshotBase64 begin
[2026-04-22T14:52:15.322+08:00] screenshotBase64 end, cost: 1364ms
[2026-04-22T14:52:26.406+08:00] screenshotBase64 begin
[2026-04-22T14:52:26.480+08:00] screenshotBase64 end, cost: 74ms
[2026-04-22T14:52:29.538+08:00] screenshotBase64 begin
[2026-04-22T14:52:29.604+08:00] screenshotBase64 end, cost: 66ms
[2026-04-22T14:52:33.690+08:00] screenshotBase64 begin
[2026-04-22T14:52:33.778+08:00] screenshotBase64 end, cost: 88ms
[2026-04-22T14:52:33.833+08:00] screenshotBase64 begin
[2026-04-22T14:52:33.907+08:00] screenshotBase64 end, cost: 74ms
[2026-04-22T14:52:38.342+08:00] screenshotBase64 begin
[2026-04-22T14:52:38.427+08:00] screenshotBase64 end, cost: 85ms
[2026-04-22T14:52:38.686+08:00] mouse move to 418, 261
[2026-04-22T14:52:38.695+08:00] mouse click 418, 261, left, 1
[2026-04-22T14:52:39.029+08:00] waitForNavigation begin at moment afterInvokeAction with timeout: 5000 and actionName: Tap
[2026-04-22T14:52:39.030+08:00] waitForNetworkIdle begin at moment afterInvokeAction with timeout: 2000 and concurrency: 2 and actionName: Tap
[2026-04-22T14:52:39.036+08:00] waitForNavigation end
[2026-04-22T14:52:41.031+08:00] waitForNetworkIdle end
[2026-04-22T14:52:41.031+08:00] screenshotBase64 begin
[2026-04-22T14:52:41.082+08:00] screenshotBase64 end, cost: 51ms
[2026-04-22T14:52:44.559+08:00] screenshotBase64 begin
[2026-04-22T14:52:44.657+08:00] screenshotBase64 end, cost: 98ms
[2026-04-22T14:52:47.728+08:00] screenshotBase64 begin
[2026-04-22T14:52:47.806+08:00] screenshotBase64 end, cost: 78ms
[2026-04-22T14:54:32.052+08:00] evaluate function begin
[2026-04-22T14:54:32.056+08:00] evaluate function end
[2026-04-22T14:54:32.056+08:00] screenshotBase64 begin
[2026-04-22T14:54:32.142+08:00] screenshotBase64 end, cost: 86ms
[2026-04-22T14:54:36.588+08:00] screenshotBase64 begin
[2026-04-22T14:54:36.657+08:00] screenshotBase64 end, cost: 69ms
[2026-04-22T14:54:36.916+08:00] mouse move to 657, 177
[2026-04-22T14:54:36.920+08:00] mouse click 657, 177, left, 1
[2026-04-22T14:54:37.241+08:00] waitForNavigation begin at moment afterInvokeAction with timeout: 5000 and actionName: Tap
[2026-04-22T14:54:37.243+08:00] waitForNetworkIdle begin at moment afterInvokeAction with timeout: 2000 and concurrency: 2 and actionName: Tap
[2026-04-22T14:54:37.259+08:00] waitForNavigation end
[2026-04-22T14:54:37.443+08:00] waitForNetworkIdle end
[2026-04-22T14:54:37.443+08:00] screenshotBase64 begin
[2026-04-22T14:54:37.504+08:00] screenshotBase64 end, cost: 61ms
[2026-04-22T14:54:41.226+08:00] screenshotBase64 begin
[2026-04-22T14:54:41.285+08:00] screenshotBase64 end, cost: 59ms
[2026-04-22T14:54:41.547+08:00] clearInput begin
[2026-04-22T14:54:41.547+08:00] mouse move to 657, 177
[2026-04-22T14:54:41.550+08:00] mouse click 657, 177, left, 1
[2026-04-22T14:54:41.671+08:00] keyboard press [ { key: 'Backspace' } ]
[2026-04-22T14:54:41.675+08:00] clearInput end
[2026-04-22T14:54:41.675+08:00] keyboard type 今日天气
[2026-04-22T14:54:42.371+08:00] waitForNavigation begin at moment afterInvokeAction with timeout: 5000 and actionName: Input
[2026-04-22T14:54:42.372+08:00] waitForNetworkIdle begin at moment afterInvokeAction with timeout: 2000 and concurrency: 2 and actionName: Input
[2026-04-22T14:54:42.379+08:00] waitForNavigation end
[2026-04-22T14:54:42.576+08:00] waitForNetworkIdle end
[2026-04-22T14:54:42.577+08:00] screenshotBase64 begin
[2026-04-22T14:54:42.634+08:00] screenshotBase64 end, cost: 57ms
[2026-04-22T14:54:46.830+08:00] screenshotBase64 begin
[2026-04-22T14:54:46.900+08:00] screenshotBase64 end, cost: 70ms
[2026-04-22T14:54:47.166+08:00] mouse move to 1166, 177
[2026-04-22T14:54:47.168+08:00] mouse click 1166, 177, left, 1
[2026-04-22T14:54:47.494+08:00] waitForNavigation begin at moment afterInvokeAction with timeout: 5000 and actionName: Tap
[2026-04-22T14:54:47.495+08:00] waitForNetworkIdle begin at moment afterInvokeAction with timeout: 2000 and concurrency: 2 and actionName: Tap
[2026-04-22T14:54:47.507+08:00] waitForNavigation end
[2026-04-22T14:54:49.510+08:00] waitForNetworkIdle end
[2026-04-22T14:54:49.511+08:00] screenshotBase64 begin
[2026-04-22T14:54:49.584+08:00] screenshotBase64 end, cost: 73ms
[2026-04-22T14:54:53.352+08:00] screenshotBase64 begin
[2026-04-22T14:54:53.415+08:00] screenshotBase64 end, cost: 62ms
[2026-04-22T14:54:56.482+08:00] screenshotBase64 begin
[2026-04-22T14:54:56.560+08:00] screenshotBase64 end, cost: 78ms
[2026-04-22T14:54:59.791+08:00] screenshotBase64 begin
[2026-04-22T14:54:59.857+08:00] screenshotBase64 end, cost: 66ms
[2026-04-22T14:54:59.907+08:00] screenshotBase64 begin
[2026-04-22T14:54:59.980+08:00] screenshotBase64 end, cost: 73ms
[2026-04-22T14:55:04.436+08:00] screenshotBase64 begin
[2026-04-22T14:55:04.509+08:00] screenshotBase64 end, cost: 73ms
[2026-04-22T14:55:04.775+08:00] mouse move to 446, 278
[2026-04-22T14:55:04.783+08:00] mouse click 446, 278, left, 1
[2026-04-22T14:55:05.107+08:00] waitForNavigation begin at moment afterInvokeAction with timeout: 5000 and actionName: Tap
[2026-04-22T14:55:05.108+08:00] waitForNetworkIdle begin at moment afterInvokeAction with timeout: 2000 and concurrency: 2 and actionName: Tap
[2026-04-22T14:55:05.123+08:00] waitForNavigation end
[2026-04-22T14:55:07.111+08:00] waitForNetworkIdle end
[2026-04-22T14:55:07.112+08:00] screenshotBase64 begin
[2026-04-22T14:55:07.175+08:00] screenshotBase64 end, cost: 63ms
[2026-04-22T14:55:10.391+08:00] screenshotBase64 begin
[2026-04-22T14:55:10.475+08:00] screenshotBase64 end, cost: 84ms
[2026-04-22T14:55:13.528+08:00] screenshotBase64 begin
[2026-04-22T14:55:13.629+08:00] screenshotBase64 end, cost: 101ms
[2026-04-22T14:55:15.974+08:00] screenshotBase64 begin
[2026-04-22T14:55:16.043+08:00] screenshotBase64 end, cost: 69ms
[2026-04-22T14:55:44.934+08:00] evaluate function begin
[2026-04-22T14:55:44.937+08:00] evaluate function end
[2026-04-22T14:55:44.937+08:00] screenshotBase64 begin
[2026-04-22T14:55:45.031+08:00] screenshotBase64 end, cost: 94ms
[2026-04-22T14:55:49.576+08:00] screenshotBase64 begin
[2026-04-22T14:55:49.651+08:00] screenshotBase64 end, cost: 75ms
[2026-04-22T14:55:49.925+08:00] mouse move to 718, 179
[2026-04-22T14:55:49.927+08:00] mouse click 718, 179, left, 1
[2026-04-22T14:55:50.251+08:00] waitForNavigation begin at moment afterInvokeAction with timeout: 5000 and actionName: Tap
[2026-04-22T14:55:50.253+08:00] waitForNetworkIdle begin at moment afterInvokeAction with timeout: 2000 and concurrency: 2 and actionName: Tap
[2026-04-22T14:55:50.271+08:00] waitForNavigation end
[2026-04-22T14:55:50.453+08:00] waitForNetworkIdle end
[2026-04-22T14:55:50.453+08:00] screenshotBase64 begin
[2026-04-22T14:55:50.540+08:00] screenshotBase64 end, cost: 87ms
[2026-04-22T14:55:53.453+08:00] screenshotBase64 begin
[2026-04-22T14:55:53.513+08:00] screenshotBase64 end, cost: 60ms
[2026-04-22T14:55:53.763+08:00] keyboard type 今日天气
[2026-04-22T14:55:54.477+08:00] waitForNavigation begin at moment afterInvokeAction with timeout: 5000 and actionName: Input
[2026-04-22T14:55:54.478+08:00] waitForNetworkIdle begin at moment afterInvokeAction with timeout: 2000 and concurrency: 2 and actionName: Input
[2026-04-22T14:55:54.486+08:00] waitForNavigation end
[2026-04-22T14:55:56.486+08:00] waitForNetworkIdle end
[2026-04-22T14:55:56.487+08:00] screenshotBase64 begin
[2026-04-22T14:55:56.596+08:00] screenshotBase64 end, cost: 109ms
[2026-04-22T14:56:00.498+08:00] screenshotBase64 begin
[2026-04-22T14:56:00.568+08:00] screenshotBase64 end, cost: 70ms
[2026-04-22T14:56:00.829+08:00] mouse move to 1166, 177
[2026-04-22T14:56:00.843+08:00] mouse click 1166, 177, left, 1
[2026-04-22T14:56:01.171+08:00] waitForNavigation begin at moment afterInvokeAction with timeout: 5000 and actionName: Tap
[2026-04-22T14:56:01.171+08:00] waitForNetworkIdle begin at moment afterInvokeAction with timeout: 2000 and concurrency: 2 and actionName: Tap
[2026-04-22T14:56:01.186+08:00] waitForNavigation end
[2026-04-22T14:56:03.171+08:00] waitForNetworkIdle end
[2026-04-22T14:56:03.171+08:00] screenshotBase64 begin
[2026-04-22T14:56:03.248+08:00] screenshotBase64 end, cost: 77ms
[2026-04-22T14:56:06.470+08:00] screenshotBase64 begin
[2026-04-22T14:56:06.550+08:00] screenshotBase64 end, cost: 80ms
[2026-04-22T14:56:09.610+08:00] screenshotBase64 begin
[2026-04-22T14:56:09.742+08:00] screenshotBase64 end, cost: 132ms
[2026-04-22T14:56:14.048+08:00] screenshotBase64 begin
[2026-04-22T14:56:14.135+08:00] screenshotBase64 end, cost: 87ms
[2026-04-22T14:56:14.187+08:00] screenshotBase64 begin
[2026-04-22T14:56:14.249+08:00] screenshotBase64 end, cost: 62ms
[2026-04-22T14:56:18.713+08:00] screenshotBase64 begin
[2026-04-22T14:56:18.783+08:00] screenshotBase64 end, cost: 70ms
[2026-04-22T14:56:19.044+08:00] mouse move to 446, 276
[2026-04-22T14:56:19.053+08:00] mouse click 446, 276, left, 1
[2026-04-22T14:56:19.380+08:00] waitForNavigation begin at moment afterInvokeAction with timeout: 5000 and actionName: Tap
[2026-04-22T14:56:19.380+08:00] waitForNetworkIdle begin at moment afterInvokeAction with timeout: 2000 and concurrency: 2 and actionName: Tap
[2026-04-22T14:56:19.394+08:00] waitForNavigation end
[2026-04-22T14:56:21.391+08:00] waitForNetworkIdle end
[2026-04-22T14:56:21.391+08:00] screenshotBase64 begin
[2026-04-22T14:56:21.470+08:00] screenshotBase64 end, cost: 79ms
[2026-04-22T14:56:25.672+08:00] screenshotBase64 begin
[2026-04-22T14:56:25.759+08:00] screenshotBase64 end, cost: 87ms
[2026-04-22T14:56:28.809+08:00] screenshotBase64 begin
[2026-04-22T14:56:28.890+08:00] screenshotBase64 end, cost: 81ms
[2026-04-22T14:56:31.414+08:00] screenshotBase64 begin
[2026-04-22T14:56:31.484+08:00] screenshotBase64 end, cost: 70ms
[2026-04-22T15:00:46.090+08:00] evaluate function begin
[2026-04-22T15:00:46.093+08:00] evaluate function end
[2026-04-22T15:00:46.093+08:00] screenshotBase64 begin
[2026-04-22T15:00:46.177+08:00] screenshotBase64 end, cost: 84ms
[2026-04-22T15:00:50.959+08:00] screenshotBase64 begin
[2026-04-22T15:00:51.020+08:00] screenshotBase64 end, cost: 61ms
[2026-04-22T15:00:51.297+08:00] mouse move to 655, 177
[2026-04-22T15:00:51.372+08:00] mouse click 655, 177, left, 1
[2026-04-22T15:00:51.699+08:00] waitForNavigation begin at moment afterInvokeAction with timeout: 5000 and actionName: Tap
[2026-04-22T15:00:51.701+08:00] waitForNetworkIdle begin at moment afterInvokeAction with timeout: 2000 and concurrency: 2 and actionName: Tap
[2026-04-22T15:00:51.722+08:00] waitForNavigation end
[2026-04-22T15:00:53.702+08:00] waitForNetworkIdle end
[2026-04-22T15:00:53.702+08:00] screenshotBase64 begin
[2026-04-22T15:00:53.829+08:00] screenshotBase64 end, cost: 127ms
[2026-04-22T15:00:58.007+08:00] screenshotBase64 begin
[2026-04-22T15:00:58.076+08:00] screenshotBase64 end, cost: 69ms
[2026-04-22T15:00:58.328+08:00] clearInput begin
[2026-04-22T15:00:58.328+08:00] mouse move to 655, 177
[2026-04-22T15:00:58.335+08:00] mouse click 655, 177, left, 1
[2026-04-22T15:00:58.454+08:00] keyboard press [ { key: 'Backspace' } ]
[2026-04-22T15:00:58.457+08:00] clearInput end
[2026-04-22T15:00:58.458+08:00] keyboard type 今日天气
[2026-04-22T15:00:59.135+08:00] waitForNavigation begin at moment afterInvokeAction with timeout: 5000 and actionName: Input
[2026-04-22T15:00:59.136+08:00] waitForNetworkIdle begin at moment afterInvokeAction with timeout: 2000 and concurrency: 2 and actionName: Input
[2026-04-22T15:00:59.142+08:00] waitForNavigation end
[2026-04-22T15:01:01.137+08:00] waitForNetworkIdle end
[2026-04-22T15:01:01.137+08:00] screenshotBase64 begin
[2026-04-22T15:01:01.235+08:00] screenshotBase64 end, cost: 98ms
[2026-04-22T15:01:06.057+08:00] screenshotBase64 begin
[2026-04-22T15:01:06.118+08:00] screenshotBase64 end, cost: 61ms
[2026-04-22T15:01:06.379+08:00] mouse move to 1166, 177
[2026-04-22T15:01:06.381+08:00] mouse click 1166, 177, left, 1
[2026-04-22T15:01:06.704+08:00] waitForNavigation begin at moment afterInvokeAction with timeout: 5000 and actionName: Tap
[2026-04-22T15:01:06.704+08:00] waitForNetworkIdle begin at moment afterInvokeAction with timeout: 2000 and concurrency: 2 and actionName: Tap
[2026-04-22T15:01:06.884+08:00] waitForNavigation end
[2026-04-22T15:01:08.716+08:00] waitForNetworkIdle end
[2026-04-22T15:01:08.716+08:00] screenshotBase64 begin
[2026-04-22T15:01:08.800+08:00] screenshotBase64 end, cost: 84ms
[2026-04-22T15:01:12.190+08:00] screenshotBase64 begin
[2026-04-22T15:01:12.265+08:00] screenshotBase64 end, cost: 75ms
[2026-04-22T15:01:15.318+08:00] screenshotBase64 begin
[2026-04-22T15:01:15.397+08:00] screenshotBase64 end, cost: 79ms
[2026-04-22T15:01:19.421+08:00] screenshotBase64 begin
[2026-04-22T15:01:19.491+08:00] screenshotBase64 end, cost: 70ms
[2026-04-22T15:01:19.540+08:00] screenshotBase64 begin
[2026-04-22T15:01:19.615+08:00] screenshotBase64 end, cost: 75ms
[2026-04-22T15:01:24.883+08:00] screenshotBase64 begin
[2026-04-22T15:01:24.961+08:00] screenshotBase64 end, cost: 78ms
[2026-04-22T15:01:25.220+08:00] mouse move to 442, 274
[2026-04-22T15:01:25.224+08:00] mouse click 442, 274, left, 1
[2026-04-22T15:01:25.560+08:00] waitForNavigation begin at moment afterInvokeAction with timeout: 5000 and actionName: Tap
[2026-04-22T15:01:25.560+08:00] waitForNetworkIdle begin at moment afterInvokeAction with timeout: 2000 and concurrency: 2 and actionName: Tap
[2026-04-22T15:01:25.784+08:00] waitForNavigation end
[2026-04-22T15:01:27.576+08:00] waitForNetworkIdle end
[2026-04-22T15:01:27.576+08:00] screenshotBase64 begin
[2026-04-22T15:01:27.639+08:00] screenshotBase64 end, cost: 63ms
[2026-04-22T15:01:31.125+08:00] screenshotBase64 begin
[2026-04-22T15:01:31.184+08:00] screenshotBase64 end, cost: 59ms
[2026-04-22T15:01:34.233+08:00] screenshotBase64 begin
[2026-04-22T15:01:34.308+08:00] screenshotBase64 end, cost: 75ms
[2026-04-22T15:01:36.538+08:00] screenshotBase64 begin
[2026-04-22T15:01:36.607+08:00] screenshotBase64 end, cost: 69ms
[2026-04-22T15:01:36.656+08:00] screenshotBase64 begin
[2026-04-22T15:01:36.728+08:00] screenshotBase64 end, cost: 72ms
[2026-04-22T15:01:40.701+08:00] screenshotBase64 begin
[2026-04-22T15:01:40.773+08:00] screenshotBase64 end, cost: 72ms
[2026-04-22T15:21:54.625+08:00] evaluate function begin
[2026-04-22T15:21:54.628+08:00] evaluate function end
[2026-04-22T15:21:54.628+08:00] screenshotBase64 begin
[2026-04-22T15:21:54.769+08:00] screenshotBase64 end, cost: 141ms
[2026-04-22T15:22:00.234+08:00] screenshotBase64 begin
[2026-04-22T15:22:00.350+08:00] screenshotBase64 end, cost: 116ms
[2026-04-22T15:22:00.611+08:00] mouse move to 655, 177
[2026-04-22T15:22:00.616+08:00] mouse click 655, 177, left, 1
[2026-04-22T15:22:00.950+08:00] waitForNavigation begin at moment afterInvokeAction with timeout: 5000 and actionName: Tap
[2026-04-22T15:22:00.951+08:00] waitForNetworkIdle begin at moment afterInvokeAction with timeout: 2000 and concurrency: 2 and actionName: Tap
[2026-04-22T15:22:00.970+08:00] waitForNavigation end
[2026-04-22T15:22:01.450+08:00] waitForNetworkIdle end
[2026-04-22T15:22:01.451+08:00] screenshotBase64 begin
[2026-04-22T15:22:01.525+08:00] screenshotBase64 end, cost: 74ms
[2026-04-22T15:22:05.389+08:00] screenshotBase64 begin
[2026-04-22T15:22:05.445+08:00] screenshotBase64 end, cost: 55ms
[2026-04-22T15:22:05.706+08:00] keyboard type 今日天气
[2026-04-22T15:22:06.377+08:00] waitForNavigation begin at moment afterInvokeAction with timeout: 5000 and actionName: Input
[2026-04-22T15:22:06.378+08:00] waitForNetworkIdle begin at moment afterInvokeAction with timeout: 2000 and concurrency: 2 and actionName: Input
[2026-04-22T15:22:06.388+08:00] waitForNavigation end
[2026-04-22T15:22:06.582+08:00] waitForNetworkIdle end
[2026-04-22T15:22:06.582+08:00] screenshotBase64 begin
[2026-04-22T15:22:06.655+08:00] screenshotBase64 end, cost: 73ms
[2026-04-22T15:22:11.838+08:00] screenshotBase64 begin
[2026-04-22T15:22:11.911+08:00] screenshotBase64 end, cost: 73ms
[2026-04-22T15:22:12.180+08:00] mouse move to 1166, 177
[2026-04-22T15:22:12.194+08:00] mouse click 1166, 177, left, 1
[2026-04-22T15:22:12.523+08:00] waitForNavigation begin at moment afterInvokeAction with timeout: 5000 and actionName: Tap
[2026-04-22T15:22:12.523+08:00] waitForNetworkIdle begin at moment afterInvokeAction with timeout: 2000 and concurrency: 2 and actionName: Tap
[2026-04-22T15:22:12.685+08:00] waitForNavigation end
[2026-04-22T15:22:14.527+08:00] waitForNetworkIdle end
[2026-04-22T15:22:14.528+08:00] screenshotBase64 begin
[2026-04-22T15:22:14.634+08:00] screenshotBase64 end, cost: 106ms
[2026-04-22T15:22:19.329+08:00] screenshotBase64 begin
[2026-04-22T15:22:19.387+08:00] screenshotBase64 end, cost: 58ms
[2026-04-22T15:22:22.451+08:00] screenshotBase64 begin
[2026-04-22T15:22:22.538+08:00] screenshotBase64 end, cost: 87ms
[2026-04-22T15:22:27.485+08:00] screenshotBase64 begin
[2026-04-22T15:22:27.553+08:00] screenshotBase64 end, cost: 68ms
[2026-04-22T15:22:27.607+08:00] screenshotBase64 begin
[2026-04-22T15:22:27.675+08:00] screenshotBase64 end, cost: 68ms
[2026-04-22T15:22:33.722+08:00] screenshotBase64 begin
[2026-04-22T15:22:33.782+08:00] screenshotBase64 end, cost: 60ms
[2026-04-22T15:22:34.043+08:00] mouse move to 418, 261
[2026-04-22T15:22:34.047+08:00] mouse click 418, 261, left, 1
[2026-04-22T15:22:34.398+08:00] waitForNavigation begin at moment afterInvokeAction with timeout: 5000 and actionName: Tap
[2026-04-22T15:22:34.398+08:00] waitForNetworkIdle begin at moment afterInvokeAction with timeout: 2000 and concurrency: 2 and actionName: Tap
[2026-04-22T15:22:34.409+08:00] waitForNavigation end
[2026-04-22T15:22:36.409+08:00] waitForNetworkIdle end
[2026-04-22T15:22:36.409+08:00] screenshotBase64 begin
[2026-04-22T15:22:36.501+08:00] screenshotBase64 end, cost: 92ms
[2026-04-22T15:22:41.601+08:00] screenshotBase64 begin
[2026-04-22T15:22:41.685+08:00] screenshotBase64 end, cost: 84ms
[2026-04-22T15:22:44.750+08:00] screenshotBase64 begin
[2026-04-22T15:22:44.815+08:00] screenshotBase64 end, cost: 65ms
[2026-04-22T15:22:47.906+08:00] screenshotBase64 begin
[2026-04-22T15:22:47.974+08:00] screenshotBase64 end, cost: 68ms
[2026-04-22T15:22:48.027+08:00] screenshotBase64 begin
[2026-04-22T15:22:48.096+08:00] screenshotBase64 end, cost: 69ms
[2026-04-22T15:22:51.853+08:00] screenshotBase64 begin
[2026-04-22T15:22:51.934+08:00] screenshotBase64 end, cost: 81ms
[2026-04-22T15:22:54.998+08:00] screenshotBase64 begin
[2026-04-22T15:22:55.072+08:00] screenshotBase64 end, cost: 74ms
[2026-04-22T15:23:03.208+08:00] screenshotBase64 begin
[2026-04-22T15:23:03.284+08:00] screenshotBase64 end, cost: 76ms
[2026-04-22T15:24:04.967+08:00] evaluate function begin
[2026-04-22T15:24:04.969+08:00] evaluate function end
[2026-04-22T15:24:04.969+08:00] screenshotBase64 begin
[2026-04-22T15:24:05.044+08:00] screenshotBase64 end, cost: 75ms
[2026-04-22T15:24:13.138+08:00] screenshotBase64 begin
[2026-04-22T15:24:13.239+08:00] screenshotBase64 end, cost: 101ms
[2026-04-22T15:24:13.509+08:00] clearInput begin
[2026-04-22T15:24:13.509+08:00] mouse move to 655, 177
[2026-04-22T15:24:13.512+08:00] mouse click 655, 177, left, 1
[2026-04-22T15:24:13.648+08:00] keyboard press [ { key: 'Backspace' } ]
[2026-04-22T15:24:13.652+08:00] clearInput end
[2026-04-22T15:24:13.652+08:00] keyboard type 今日天气
[2026-04-22T15:24:14.331+08:00] waitForNavigation begin at moment afterInvokeAction with timeout: 5000 and actionName: Input
[2026-04-22T15:24:14.333+08:00] waitForNetworkIdle begin at moment afterInvokeAction with timeout: 2000 and concurrency: 2 and actionName: Input
[2026-04-22T15:24:14.350+08:00] waitForNavigation end
[2026-04-22T15:24:15.264+08:00] waitForNetworkIdle end
[2026-04-22T15:24:15.264+08:00] screenshotBase64 begin
[2026-04-22T15:24:15.329+08:00] screenshotBase64 end, cost: 65ms
[2026-04-22T15:24:20.067+08:00] screenshotBase64 begin
[2026-04-22T15:24:20.133+08:00] screenshotBase64 end, cost: 66ms
[2026-04-22T15:24:20.399+08:00] mouse move to 1166, 177
[2026-04-22T15:24:20.409+08:00] mouse click 1166, 177, left, 1
[2026-04-22T15:24:20.741+08:00] waitForNavigation begin at moment afterInvokeAction with timeout: 5000 and actionName: Tap
[2026-04-22T15:24:20.742+08:00] waitForNetworkIdle begin at moment afterInvokeAction with timeout: 2000 and concurrency: 2 and actionName: Tap
[2026-04-22T15:24:21.068+08:00] waitForNavigation end
[2026-04-22T15:24:22.755+08:00] waitForNetworkIdle end
[2026-04-22T15:24:22.756+08:00] screenshotBase64 begin
[2026-04-22T15:24:22.830+08:00] screenshotBase64 end, cost: 74ms
[2026-04-22T15:24:26.626+08:00] screenshotBase64 begin
[2026-04-22T15:24:26.690+08:00] screenshotBase64 end, cost: 64ms
[2026-04-22T15:24:29.753+08:00] screenshotBase64 begin
[2026-04-22T15:24:29.853+08:00] screenshotBase64 end, cost: 100ms
[2026-04-22T15:30:41.345+08:00] evaluate function begin
[2026-04-22T15:30:41.352+08:00] evaluate function end
[2026-04-22T15:30:41.352+08:00] screenshotBase64 begin
[2026-04-22T15:30:41.568+08:00] screenshotBase64 end, cost: 216ms
[2026-04-22T15:30:46.874+08:00] screenshotBase64 begin
[2026-04-22T15:30:47.782+08:00] screenshotBase64 end, cost: 908ms
[2026-04-22T15:30:48.096+08:00] mouse move to 652, 177
[2026-04-22T15:30:48.125+08:00] mouse click 652, 177, left, 1
[2026-04-22T15:30:48.453+08:00] waitForNavigation begin at moment afterInvokeAction with timeout: 5000 and actionName: Tap
[2026-04-22T15:30:48.456+08:00] waitForNetworkIdle begin at moment afterInvokeAction with timeout: 2000 and concurrency: 2 and actionName: Tap
[2026-04-22T15:30:48.481+08:00] waitForNavigation end
[2026-04-22T15:30:50.458+08:00] waitForNetworkIdle end
[2026-04-22T15:30:50.458+08:00] screenshotBase64 begin
[2026-04-22T15:30:50.542+08:00] screenshotBase64 end, cost: 84ms
[2026-04-22T15:30:53.809+08:00] screenshotBase64 begin
[2026-04-22T15:30:53.899+08:00] screenshotBase64 end, cost: 90ms
[2026-04-22T15:30:54.203+08:00] keyboard type 今日天气
[2026-04-22T15:30:54.888+08:00] waitForNavigation begin at moment afterInvokeAction with timeout: 5000 and actionName: Input
[2026-04-22T15:30:54.889+08:00] waitForNetworkIdle begin at moment afterInvokeAction with timeout: 2000 and concurrency: 2 and actionName: Input
[2026-04-22T15:30:54.898+08:00] waitForNavigation end
[2026-04-22T15:30:55.091+08:00] waitForNetworkIdle end
[2026-04-22T15:30:55.091+08:00] screenshotBase64 begin
[2026-04-22T15:30:55.179+08:00] screenshotBase64 end, cost: 88ms
[2026-04-22T15:30:59.281+08:00] screenshotBase64 begin
[2026-04-22T15:30:59.394+08:00] screenshotBase64 end, cost: 113ms
[2026-04-22T15:30:59.707+08:00] mouse move to 1159, 177
[2026-04-22T15:30:59.711+08:00] mouse click 1159, 177, left, 1
[2026-04-22T15:31:00.061+08:00] waitForNavigation begin at moment afterInvokeAction with timeout: 5000 and actionName: Tap
[2026-04-22T15:31:00.061+08:00] waitForNetworkIdle begin at moment afterInvokeAction with timeout: 2000 and concurrency: 2 and actionName: Tap
[2026-04-22T15:31:00.540+08:00] waitForNavigation end
[2026-04-22T15:31:02.073+08:00] waitForNetworkIdle end
[2026-04-22T15:31:02.074+08:00] screenshotBase64 begin
[2026-04-22T15:31:02.173+08:00] screenshotBase64 end, cost: 99ms
[2026-04-22T15:31:06.416+08:00] screenshotBase64 begin
[2026-04-22T15:31:06.501+08:00] screenshotBase64 end, cost: 85ms
[2026-04-22T15:31:09.594+08:00] screenshotBase64 begin
[2026-04-22T15:31:09.685+08:00] screenshotBase64 end, cost: 91ms
[2026-04-22T15:31:16.852+08:00] screenshotBase64 begin
[2026-04-22T15:31:16.975+08:00] screenshotBase64 end, cost: 123ms
[2026-04-22T15:31:17.072+08:00] screenshotBase64 begin
[2026-04-22T15:31:17.163+08:00] screenshotBase64 end, cost: 91ms
[2026-04-22T15:31:21.868+08:00] screenshotBase64 begin
[2026-04-22T15:31:21.977+08:00] screenshotBase64 end, cost: 109ms
[2026-04-22T15:31:22.321+08:00] mouse move to 418, 261
[2026-04-22T15:31:22.337+08:00] mouse click 418, 261, left, 1
[2026-04-22T15:31:22.721+08:00] waitForNavigation begin at moment afterInvokeAction with timeout: 5000 and actionName: Tap
[2026-04-22T15:31:22.722+08:00] waitForNetworkIdle begin at moment afterInvokeAction with timeout: 2000 and concurrency: 2 and actionName: Tap
[2026-04-22T15:31:22.734+08:00] waitForNavigation end
[2026-04-22T15:31:24.728+08:00] waitForNetworkIdle end
[2026-04-22T15:31:24.728+08:00] screenshotBase64 begin
[2026-04-22T15:31:24.848+08:00] screenshotBase64 end, cost: 120ms
[2026-04-22T15:31:31.666+08:00] screenshotBase64 begin
[2026-04-22T15:31:31.853+08:00] screenshotBase64 end, cost: 187ms
[2026-04-22T15:31:34.951+08:00] screenshotBase64 begin
[2026-04-22T15:31:35.124+08:00] screenshotBase64 end, cost: 173ms
[2026-04-22T15:31:38.314+08:00] screenshotBase64 begin
[2026-04-22T15:31:38.417+08:00] screenshotBase64 end, cost: 103ms
[2026-04-22T15:31:38.507+08:00] screenshotBase64 begin
[2026-04-22T15:31:38.626+08:00] screenshotBase64 end, cost: 119ms
[2026-04-22T15:31:43.375+08:00] screenshotBase64 begin
[2026-04-22T15:31:43.478+08:00] screenshotBase64 end, cost: 103ms
[2026-04-22T15:31:46.571+08:00] screenshotBase64 begin
[2026-04-22T15:31:46.678+08:00] screenshotBase64 end, cost: 107ms
[2026-04-22T15:31:50.020+08:00] screenshotBase64 begin
[2026-04-22T15:31:50.200+08:00] screenshotBase64 end, cost: 180ms
[2026-04-22T15:46:43.772+08:00] evaluate function begin
[2026-04-22T15:46:43.776+08:00] evaluate function end
[2026-04-22T15:46:43.776+08:00] screenshotBase64 begin
[2026-04-22T15:46:43.867+08:00] screenshotBase64 end, cost: 91ms
[2026-04-22T15:46:48.655+08:00] screenshotBase64 begin
[2026-04-22T15:46:48.754+08:00] screenshotBase64 end, cost: 99ms
[2026-04-22T15:46:49.052+08:00] mouse move to 718, 174
[2026-04-22T15:46:49.058+08:00] mouse click 718, 174, left, 1
[2026-04-22T15:46:49.376+08:00] waitForNavigation begin at moment afterInvokeAction with timeout: 5000 and actionName: Tap
[2026-04-22T15:46:49.380+08:00] waitForNetworkIdle begin at moment afterInvokeAction with timeout: 2000 and concurrency: 2 and actionName: Tap
[2026-04-22T15:46:49.416+08:00] waitForNavigation end
[2026-04-22T15:46:49.580+08:00] waitForNetworkIdle end
[2026-04-22T15:46:49.581+08:00] screenshotBase64 begin
[2026-04-22T15:46:49.650+08:00] screenshotBase64 end, cost: 69ms
[2026-04-22T15:46:53.583+08:00] screenshotBase64 begin
[2026-04-22T15:46:53.671+08:00] screenshotBase64 end, cost: 88ms
[2026-04-22T15:46:53.964+08:00] keyboard type standard_user
[2026-04-22T15:46:55.496+08:00] waitForNavigation begin at moment afterInvokeAction with timeout: 5000 and actionName: Input
[2026-04-22T15:46:55.497+08:00] waitForNetworkIdle begin at moment afterInvokeAction with timeout: 2000 and concurrency: 2 and actionName: Input
[2026-04-22T15:46:55.511+08:00] waitForNavigation end
[2026-04-22T15:46:56.896+08:00] waitForNetworkIdle end
[2026-04-22T15:46:56.897+08:00] screenshotBase64 begin
[2026-04-22T15:46:56.966+08:00] screenshotBase64 end, cost: 69ms
[2026-04-22T15:47:00.246+08:00] screenshotBase64 begin
[2026-04-22T15:47:00.305+08:00] screenshotBase64 end, cost: 59ms
[2026-04-22T15:47:00.688+08:00] screenshotBase64 begin
[2026-04-22T15:47:00.767+08:00] screenshotBase64 end, cost: 79ms
[2026-04-22T15:47:06.736+08:00] screenshotBase64 begin
[2026-04-22T15:47:06.812+08:00] screenshotBase64 end, cost: 76ms
[2026-04-22T15:47:07.104+08:00] clearInput begin
[2026-04-22T15:47:07.105+08:00] mouse move to 718, 173
[2026-04-22T15:47:07.107+08:00] mouse click 718, 173, left, 1
[2026-04-22T15:47:07.229+08:00] keyboard press [ { key: 'Backspace' } ]
[2026-04-22T15:47:07.239+08:00] clearInput end
[2026-04-22T15:47:07.239+08:00] keyboard type secret_sauce
[2026-04-22T15:47:08.678+08:00] waitForNavigation begin at moment afterInvokeAction with timeout: 5000 and actionName: Input
[2026-04-22T15:47:08.678+08:00] waitForNetworkIdle begin at moment afterInvokeAction with timeout: 2000 and concurrency: 2 and actionName: Input
[2026-04-22T15:47:08.695+08:00] waitForNavigation end
[2026-04-22T15:47:08.894+08:00] waitForNetworkIdle end
[2026-04-22T15:47:08.895+08:00] screenshotBase64 begin
[2026-04-22T15:47:08.981+08:00] screenshotBase64 end, cost: 86ms
[2026-04-22T15:47:11.627+08:00] screenshotBase64 begin
[2026-04-22T15:47:11.691+08:00] screenshotBase64 end, cost: 64ms
[2026-04-22T15:47:12.076+08:00] screenshotBase64 begin
[2026-04-22T15:47:12.139+08:00] screenshotBase64 end, cost: 63ms
[2026-04-22T15:47:16.129+08:00] screenshotBase64 begin
[2026-04-22T15:47:16.209+08:00] screenshotBase64 end, cost: 80ms
[2026-04-22T15:47:16.503+08:00] mouse move to 718, 324
[2026-04-22T15:47:16.507+08:00] mouse click 718, 324, left, 1
[2026-04-22T15:47:16.844+08:00] waitForNavigation begin at moment afterInvokeAction with timeout: 5000 and actionName: Tap
[2026-04-22T15:47:16.844+08:00] waitForNetworkIdle begin at moment afterInvokeAction with timeout: 2000 and concurrency: 2 and actionName: Tap
[2026-04-22T15:47:16.857+08:00] waitForNavigation end
[2026-04-22T15:47:17.050+08:00] waitForNetworkIdle end
[2026-04-22T15:47:17.050+08:00] screenshotBase64 begin
[2026-04-22T15:47:17.130+08:00] screenshotBase64 end, cost: 80ms
[2026-04-22T15:47:21.417+08:00] screenshotBase64 begin
[2026-04-22T15:47:21.513+08:00] screenshotBase64 end, cost: 96ms
[2026-04-22T15:47:21.918+08:00] screenshotBase64 begin
[2026-04-22T15:47:22.026+08:00] screenshotBase64 end, cost: 108ms
[2026-04-22T15:47:24.303+08:00] screenshotBase64 begin
[2026-04-22T15:47:24.369+08:00] screenshotBase64 end, cost: 66ms
[2026-04-22T15:48:16.554+08:00] evaluate function begin
[2026-04-22T15:48:16.558+08:00] evaluate function end
[2026-04-22T15:48:16.558+08:00] screenshotBase64 begin
[2026-04-22T15:48:16.644+08:00] screenshotBase64 end, cost: 86ms
[2026-04-22T15:48:21.598+08:00] screenshotBase64 begin
[2026-04-22T15:48:21.691+08:00] screenshotBase64 end, cost: 93ms
[2026-04-22T15:48:22.000+08:00] mouse move to 718, 175
[2026-04-22T15:48:22.006+08:00] mouse click 718, 175, left, 1
[2026-04-22T15:48:22.329+08:00] waitForNavigation begin at moment afterInvokeAction with timeout: 5000 and actionName: Tap
[2026-04-22T15:48:22.331+08:00] waitForNetworkIdle begin at moment afterInvokeAction with timeout: 2000 and concurrency: 2 and actionName: Tap
[2026-04-22T15:48:22.367+08:00] waitForNavigation end
[2026-04-22T15:48:22.546+08:00] waitForNetworkIdle end
[2026-04-22T15:48:22.546+08:00] screenshotBase64 begin
[2026-04-22T15:48:22.637+08:00] screenshotBase64 end, cost: 91ms
[2026-04-22T15:48:26.526+08:00] screenshotBase64 begin
[2026-04-22T15:48:26.605+08:00] screenshotBase64 end, cost: 79ms
[2026-04-22T15:48:26.904+08:00] keyboard type standard_user
[2026-04-22T15:48:28.448+08:00] waitForNavigation begin at moment afterInvokeAction with timeout: 5000 and actionName: Input
[2026-04-22T15:48:28.449+08:00] waitForNetworkIdle begin at moment afterInvokeAction with timeout: 2000 and concurrency: 2 and actionName: Input
[2026-04-22T15:48:28.458+08:00] waitForNavigation end
[2026-04-22T15:48:28.649+08:00] waitForNetworkIdle end
[2026-04-22T15:48:28.650+08:00] screenshotBase64 begin
[2026-04-22T15:48:28.717+08:00] screenshotBase64 end, cost: 66ms
[2026-04-22T15:48:31.567+08:00] screenshotBase64 begin
[2026-04-22T15:48:31.660+08:00] screenshotBase64 end, cost: 93ms
[2026-04-22T15:48:32.053+08:00] screenshotBase64 begin
[2026-04-22T15:48:32.120+08:00] screenshotBase64 end, cost: 67ms
[2026-04-22T15:48:36.380+08:00] screenshotBase64 begin
[2026-04-22T15:48:36.454+08:00] screenshotBase64 end, cost: 74ms
[2026-04-22T15:48:36.753+08:00] mouse move to 719, 227
[2026-04-22T15:48:36.757+08:00] mouse click 719, 227, left, 1
[2026-04-22T15:48:37.076+08:00] waitForNavigation begin at moment afterInvokeAction with timeout: 5000 and actionName: Tap
[2026-04-22T15:48:37.077+08:00] waitForNetworkIdle begin at moment afterInvokeAction with timeout: 2000 and concurrency: 2 and actionName: Tap
[2026-04-22T15:48:37.091+08:00] waitForNavigation end
[2026-04-22T15:48:37.279+08:00] waitForNetworkIdle end
[2026-04-22T15:48:37.279+08:00] screenshotBase64 begin
[2026-04-22T15:48:37.352+08:00] screenshotBase64 end, cost: 73ms
[2026-04-22T15:48:40.871+08:00] screenshotBase64 begin
[2026-04-22T15:48:40.952+08:00] screenshotBase64 end, cost: 81ms
[2026-04-22T15:48:41.251+08:00] keyboard type secret_sauce
[2026-04-22T15:48:42.682+08:00] waitForNavigation begin at moment afterInvokeAction with timeout: 5000 and actionName: Input
[2026-04-22T15:48:42.682+08:00] waitForNetworkIdle begin at moment afterInvokeAction with timeout: 2000 and concurrency: 2 and actionName: Input
[2026-04-22T15:48:42.694+08:00] waitForNavigation end
[2026-04-22T15:48:42.886+08:00] waitForNetworkIdle end
[2026-04-22T15:48:42.887+08:00] screenshotBase64 begin
[2026-04-22T15:48:42.960+08:00] screenshotBase64 end, cost: 73ms
[2026-04-22T15:48:45.949+08:00] screenshotBase64 begin
[2026-04-22T15:48:46.036+08:00] screenshotBase64 end, cost: 87ms
[2026-04-22T15:48:46.430+08:00] screenshotBase64 begin
[2026-04-22T15:48:46.519+08:00] screenshotBase64 end, cost: 89ms
[2026-04-22T15:48:50.707+08:00] screenshotBase64 begin
[2026-04-22T15:48:50.795+08:00] screenshotBase64 end, cost: 88ms
[2026-04-22T15:48:51.090+08:00] mouse move to 718, 325
[2026-04-22T15:48:51.094+08:00] mouse click 718, 325, left, 1
[2026-04-22T15:48:51.508+08:00] waitForNavigation begin at moment afterInvokeAction with timeout: 5000 and actionName: Tap
[2026-04-22T15:48:51.508+08:00] waitForNetworkIdle begin at moment afterInvokeAction with timeout: 2000 and concurrency: 2 and actionName: Tap
[2026-04-22T15:48:51.526+08:00] waitForNavigation end
[2026-04-22T15:48:51.709+08:00] waitForNetworkIdle end
[2026-04-22T15:48:51.709+08:00] screenshotBase64 begin
[2026-04-22T15:48:51.837+08:00] screenshotBase64 end, cost: 128ms
[2026-04-22T15:48:58.423+08:00] screenshotBase64 begin
[2026-04-22T15:48:58.527+08:00] screenshotBase64 end, cost: 105ms
[2026-04-22T15:48:58.930+08:00] screenshotBase64 begin
[2026-04-22T15:48:59.035+08:00] screenshotBase64 end, cost: 105ms
[2026-04-22T15:49:02.361+08:00] screenshotBase64 begin
[2026-04-22T15:49:02.460+08:00] screenshotBase64 end, cost: 99ms
[2026-04-23T11:22:52.650+08:00] evaluate function begin
[2026-04-23T11:22:52.653+08:00] evaluate function end
[2026-04-23T11:22:52.653+08:00] screenshotBase64 begin
[2026-04-23T11:22:52.718+08:00] screenshotBase64 end, cost: 65ms
[2026-04-23T11:22:58.314+08:00] screenshotBase64 begin
[2026-04-23T11:22:58.398+08:00] screenshotBase64 end, cost: 84ms
[2026-04-23T11:22:58.666+08:00] mouse move to 718, 175
[2026-04-23T11:22:58.669+08:00] mouse click 718, 175, left, 1
[2026-04-23T11:22:58.974+08:00] waitForNavigation begin at moment afterInvokeAction with timeout: 5000 and actionName: Tap
[2026-04-23T11:22:58.976+08:00] waitForNetworkIdle begin at moment afterInvokeAction with timeout: 2000 and concurrency: 2 and actionName: Tap
[2026-04-23T11:22:58.995+08:00] waitForNavigation end
[2026-04-23T11:22:59.177+08:00] waitForNetworkIdle end
[2026-04-23T11:22:59.177+08:00] screenshotBase64 begin
[2026-04-23T11:22:59.263+08:00] screenshotBase64 end, cost: 86ms
[2026-04-23T11:23:02.344+08:00] screenshotBase64 begin
[2026-04-23T11:23:02.407+08:00] screenshotBase64 end, cost: 63ms
[2026-04-23T11:23:02.670+08:00] keyboard type standard_user
[2026-04-23T11:23:04.198+08:00] waitForNavigation begin at moment afterInvokeAction with timeout: 5000 and actionName: Input
[2026-04-23T11:23:04.198+08:00] waitForNetworkIdle begin at moment afterInvokeAction with timeout: 2000 and concurrency: 2 and actionName: Input
[2026-04-23T11:23:04.205+08:00] waitForNavigation end
[2026-04-23T11:23:04.400+08:00] waitForNetworkIdle end
[2026-04-23T11:23:04.400+08:00] screenshotBase64 begin
[2026-04-23T11:23:04.472+08:00] screenshotBase64 end, cost: 72ms
[2026-04-23T11:23:09.860+08:00] screenshotBase64 begin
[2026-04-23T11:23:09.927+08:00] screenshotBase64 end, cost: 67ms
[2026-04-23T11:23:10.007+08:00] screenshotBase64 begin
[2026-04-23T11:23:10.067+08:00] screenshotBase64 end, cost: 60ms
[2026-04-23T11:23:14.050+08:00] screenshotBase64 begin
[2026-04-23T11:23:14.109+08:00] screenshotBase64 end, cost: 59ms
[2026-04-23T11:23:14.379+08:00] mouse move to 719, 226
[2026-04-23T11:23:14.381+08:00] mouse click 719, 226, left, 1
[2026-04-23T11:23:14.691+08:00] waitForNavigation begin at moment afterInvokeAction with timeout: 5000 and actionName: Tap
[2026-04-23T11:23:14.691+08:00] waitForNetworkIdle begin at moment afterInvokeAction with timeout: 2000 and concurrency: 2 and actionName: Tap
[2026-04-23T11:23:14.698+08:00] waitForNavigation end
[2026-04-23T11:23:14.893+08:00] waitForNetworkIdle end
[2026-04-23T11:23:14.893+08:00] screenshotBase64 begin
[2026-04-23T11:23:14.970+08:00] screenshotBase64 end, cost: 77ms
[2026-04-23T11:23:17.740+08:00] screenshotBase64 begin
[2026-04-23T11:23:17.800+08:00] screenshotBase64 end, cost: 60ms
[2026-04-23T11:23:18.047+08:00] keyboard type secret_sauce
[2026-04-23T11:23:19.485+08:00] waitForNavigation begin at moment afterInvokeAction with timeout: 5000 and actionName: Input
[2026-04-23T11:23:19.485+08:00] waitForNetworkIdle begin at moment afterInvokeAction with timeout: 2000 and concurrency: 2 and actionName: Input
[2026-04-23T11:23:19.493+08:00] waitForNavigation end
[2026-04-23T11:23:19.687+08:00] waitForNetworkIdle end
[2026-04-23T11:23:19.688+08:00] screenshotBase64 begin
[2026-04-23T11:23:19.751+08:00] screenshotBase64 end, cost: 63ms
[2026-04-23T11:23:22.112+08:00] screenshotBase64 begin
[2026-04-23T11:23:22.174+08:00] screenshotBase64 end, cost: 62ms
[2026-04-23T11:23:22.252+08:00] screenshotBase64 begin
[2026-04-23T11:23:22.322+08:00] screenshotBase64 end, cost: 70ms
[2026-04-23T11:23:26.185+08:00] screenshotBase64 begin
[2026-04-23T11:23:26.249+08:00] screenshotBase64 end, cost: 64ms
[2026-04-23T11:23:26.514+08:00] mouse move to 718, 324
[2026-04-23T11:23:26.523+08:00] mouse click 718, 324, left, 1
[2026-04-23T11:23:26.891+08:00] waitForNavigation begin at moment afterInvokeAction with timeout: 5000 and actionName: Tap
[2026-04-23T11:23:26.891+08:00] waitForNetworkIdle begin at moment afterInvokeAction with timeout: 2000 and concurrency: 2 and actionName: Tap
[2026-04-23T11:23:26.897+08:00] waitForNavigation end
[2026-04-23T11:23:27.093+08:00] waitForNetworkIdle end
[2026-04-23T11:23:27.093+08:00] screenshotBase64 begin
[2026-04-23T11:23:27.173+08:00] screenshotBase64 end, cost: 80ms
[2026-04-23T11:23:31.948+08:00] screenshotBase64 begin
[2026-04-23T11:23:32.021+08:00] screenshotBase64 end, cost: 73ms
[2026-04-23T11:23:32.111+08:00] screenshotBase64 begin
[2026-04-23T11:23:32.193+08:00] screenshotBase64 end, cost: 82ms
[2026-04-23T11:23:34.362+08:00] screenshotBase64 begin
[2026-04-23T11:23:34.442+08:00] screenshotBase64 end, cost: 80ms
[2026-04-23T11:23:34.533+08:00] screenshotBase64 begin
[2026-04-23T11:23:34.599+08:00] screenshotBase64 end, cost: 66ms
[2026-04-23T11:23:38.981+08:00] screenshotBase64 begin
[2026-04-23T11:23:39.056+08:00] screenshotBase64 end, cost: 75ms
[2026-04-23T11:23:39.319+08:00] mouse move to 570, 355
[2026-04-23T11:23:39.321+08:00] mouse click 570, 355, left, 1
[2026-04-23T11:23:39.629+08:00] waitForNavigation begin at moment afterInvokeAction with timeout: 5000 and actionName: Tap
[2026-04-23T11:23:39.630+08:00] waitForNetworkIdle begin at moment afterInvokeAction with timeout: 2000 and concurrency: 2 and actionName: Tap
[2026-04-23T11:23:39.636+08:00] waitForNavigation end
[2026-04-23T11:23:39.832+08:00] waitForNetworkIdle end
[2026-04-23T11:23:39.832+08:00] screenshotBase64 begin
[2026-04-23T11:23:39.903+08:00] screenshotBase64 end, cost: 71ms
[2026-04-23T11:23:44.603+08:00] screenshotBase64 begin
[2026-04-23T11:23:44.673+08:00] screenshotBase64 end, cost: 70ms
[2026-04-23T11:23:44.933+08:00] mouse move to 1126, 355
[2026-04-23T11:23:44.936+08:00] mouse click 1126, 355, left, 1
[2026-04-23T11:23:45.249+08:00] waitForNavigation begin at moment afterInvokeAction with timeout: 5000 and actionName: Tap
[2026-04-23T11:23:45.250+08:00] waitForNetworkIdle begin at moment afterInvokeAction with timeout: 2000 and concurrency: 2 and actionName: Tap
[2026-04-23T11:23:45.255+08:00] waitForNavigation end
[2026-04-23T11:23:45.453+08:00] waitForNetworkIdle end
[2026-04-23T11:23:45.453+08:00] screenshotBase64 begin
[2026-04-23T11:23:45.524+08:00] screenshotBase64 end, cost: 71ms
[2026-04-23T11:23:50.168+08:00] screenshotBase64 begin
[2026-04-23T11:23:50.248+08:00] screenshotBase64 end, cost: 80ms
[2026-04-23T11:23:50.508+08:00] mouse move to 570, 605
[2026-04-23T11:23:50.510+08:00] mouse click 570, 605, left, 1
[2026-04-23T11:23:50.821+08:00] waitForNavigation begin at moment afterInvokeAction with timeout: 5000 and actionName: Tap
[2026-04-23T11:23:50.822+08:00] waitForNetworkIdle begin at moment afterInvokeAction with timeout: 2000 and concurrency: 2 and actionName: Tap
[2026-04-23T11:23:50.829+08:00] waitForNavigation end
[2026-04-23T11:23:51.025+08:00] waitForNetworkIdle end
[2026-04-23T11:23:51.025+08:00] screenshotBase64 begin
[2026-04-23T11:23:51.097+08:00] screenshotBase64 end, cost: 72ms
[2026-04-23T11:23:54.784+08:00] screenshotBase64 begin
[2026-04-23T11:23:54.854+08:00] screenshotBase64 end, cost: 70ms
[2026-04-23T11:23:54.945+08:00] screenshotBase64 begin
[2026-04-23T11:23:55.028+08:00] screenshotBase64 end, cost: 83ms
[2026-04-23T11:23:57.189+08:00] screenshotBase64 begin
[2026-04-23T11:23:57.251+08:00] screenshotBase64 end, cost: 62ms
[2026-04-23T11:23:57.344+08:00] screenshotBase64 begin
[2026-04-23T11:23:57.425+08:00] screenshotBase64 end, cost: 81ms
[2026-04-23T11:24:01.220+08:00] screenshotBase64 begin
[2026-04-23T11:24:01.310+08:00] screenshotBase64 end, cost: 90ms
[2026-04-23T11:24:01.573+08:00] mouse move to 1382, 23
[2026-04-23T11:24:01.575+08:00] mouse click 1382, 23, left, 1
[2026-04-23T11:24:01.900+08:00] waitForNavigation begin at moment afterInvokeAction with timeout: 5000 and actionName: Tap
[2026-04-23T11:24:01.900+08:00] waitForNetworkIdle begin at moment afterInvokeAction with timeout: 2000 and concurrency: 2 and actionName: Tap
[2026-04-23T11:24:01.907+08:00] waitForNavigation end
[2026-04-23T11:24:02.102+08:00] waitForNetworkIdle end
[2026-04-23T11:24:02.103+08:00] screenshotBase64 begin
[2026-04-23T11:24:02.185+08:00] screenshotBase64 end, cost: 82ms
[2026-04-23T11:24:04.960+08:00] screenshotBase64 begin
[2026-04-23T11:24:05.033+08:00] screenshotBase64 end, cost: 73ms
[2026-04-23T11:24:05.129+08:00] screenshotBase64 begin
[2026-04-23T11:24:05.205+08:00] screenshotBase64 end, cost: 76ms
[2026-04-23T11:24:07.725+08:00] screenshotBase64 begin
[2026-04-23T11:24:07.802+08:00] screenshotBase64 end, cost: 77ms
[2026-04-23T11:24:43.029+08:00] evaluate function begin
[2026-04-23T11:24:43.031+08:00] evaluate function end
[2026-04-23T11:24:43.032+08:00] screenshotBase64 begin
[2026-04-23T11:24:43.087+08:00] screenshotBase64 end, cost: 55ms
[2026-04-23T11:24:47.588+08:00] screenshotBase64 begin
[2026-04-23T11:24:47.657+08:00] screenshotBase64 end, cost: 69ms
[2026-04-23T11:24:47.926+08:00] mouse move to 718, 177
[2026-04-23T11:24:47.929+08:00] mouse click 718, 177, left, 1
[2026-04-23T11:24:48.239+08:00] waitForNavigation begin at moment afterInvokeAction with timeout: 5000 and actionName: Tap
[2026-04-23T11:24:48.240+08:00] waitForNetworkIdle begin at moment afterInvokeAction with timeout: 2000 and concurrency: 2 and actionName: Tap
[2026-04-23T11:24:48.259+08:00] waitForNavigation end
[2026-04-23T11:24:48.447+08:00] waitForNetworkIdle end
[2026-04-23T11:24:48.447+08:00] screenshotBase64 begin
[2026-04-23T11:24:48.500+08:00] screenshotBase64 end, cost: 53ms
[2026-04-23T11:24:52.558+08:00] screenshotBase64 begin
[2026-04-23T11:24:52.617+08:00] screenshotBase64 end, cost: 59ms
[2026-04-23T11:24:52.867+08:00] keyboard type standard_user
[2026-04-23T11:24:54.396+08:00] waitForNavigation begin at moment afterInvokeAction with timeout: 5000 and actionName: Input
[2026-04-23T11:24:54.396+08:00] waitForNetworkIdle begin at moment afterInvokeAction with timeout: 2000 and concurrency: 2 and actionName: Input
[2026-04-23T11:24:54.405+08:00] waitForNavigation end
[2026-04-23T11:24:56.022+08:00] waitForNetworkIdle end
[2026-04-23T11:24:56.023+08:00] screenshotBase64 begin
[2026-04-23T11:24:56.081+08:00] screenshotBase64 end, cost: 58ms
[2026-04-23T11:25:00.239+08:00] screenshotBase64 begin
[2026-04-23T11:25:00.297+08:00] screenshotBase64 end, cost: 58ms
[2026-04-23T11:25:00.383+08:00] screenshotBase64 begin
[2026-04-23T11:25:00.457+08:00] screenshotBase64 end, cost: 74ms
[2026-04-23T11:25:04.942+08:00] screenshotBase64 begin
[2026-04-23T11:25:04.996+08:00] screenshotBase64 end, cost: 54ms
[2026-04-23T11:25:05.251+08:00] mouse move to 719, 227
[2026-04-23T11:25:05.253+08:00] mouse click 719, 227, left, 1
[2026-04-23T11:25:05.566+08:00] waitForNavigation begin at moment afterInvokeAction with timeout: 5000 and actionName: Tap
[2026-04-23T11:25:05.567+08:00] waitForNetworkIdle begin at moment afterInvokeAction with timeout: 2000 and concurrency: 2 and actionName: Tap
[2026-04-23T11:25:05.573+08:00] waitForNavigation end
[2026-04-23T11:25:05.768+08:00] waitForNetworkIdle end
[2026-04-23T11:25:05.768+08:00] screenshotBase64 begin
[2026-04-23T11:25:05.831+08:00] screenshotBase64 end, cost: 63ms
[2026-04-23T11:25:08.642+08:00] screenshotBase64 begin
[2026-04-23T11:25:08.705+08:00] screenshotBase64 end, cost: 63ms
[2026-04-23T11:25:08.965+08:00] keyboard type secret_sauce
[2026-04-23T11:25:10.402+08:00] waitForNavigation begin at moment afterInvokeAction with timeout: 5000 and actionName: Input
[2026-04-23T11:25:10.402+08:00] waitForNetworkIdle begin at moment afterInvokeAction with timeout: 2000 and concurrency: 2 and actionName: Input
[2026-04-23T11:25:10.409+08:00] waitForNavigation end
[2026-04-23T11:25:10.605+08:00] waitForNetworkIdle end
[2026-04-23T11:25:10.605+08:00] screenshotBase64 begin
[2026-04-23T11:25:10.651+08:00] screenshotBase64 end, cost: 46ms
[2026-04-23T11:25:14.930+08:00] screenshotBase64 begin
[2026-04-23T11:25:14.984+08:00] screenshotBase64 end, cost: 54ms
[2026-04-23T11:25:15.064+08:00] screenshotBase64 begin
[2026-04-23T11:25:15.141+08:00] screenshotBase64 end, cost: 77ms
[2026-04-23T11:25:19.403+08:00] screenshotBase64 begin
[2026-04-23T11:25:19.457+08:00] screenshotBase64 end, cost: 54ms
[2026-04-23T11:25:19.715+08:00] mouse move to 718, 324
[2026-04-23T11:25:19.717+08:00] mouse click 718, 324, left, 1
[2026-04-23T11:25:20.074+08:00] waitForNavigation begin at moment afterInvokeAction with timeout: 5000 and actionName: Tap
[2026-04-23T11:25:20.074+08:00] waitForNetworkIdle begin at moment afterInvokeAction with timeout: 2000 and concurrency: 2 and actionName: Tap
[2026-04-23T11:25:20.081+08:00] waitForNavigation end
[2026-04-23T11:25:20.278+08:00] waitForNetworkIdle end
[2026-04-23T11:25:20.278+08:00] screenshotBase64 begin
[2026-04-23T11:25:20.362+08:00] screenshotBase64 end, cost: 84ms
[2026-04-23T11:25:23.526+08:00] screenshotBase64 begin
[2026-04-23T11:25:23.594+08:00] screenshotBase64 end, cost: 68ms
[2026-04-23T11:25:23.686+08:00] screenshotBase64 begin
[2026-04-23T11:25:23.762+08:00] screenshotBase64 end, cost: 76ms
[2026-04-23T11:25:25.962+08:00] screenshotBase64 begin
[2026-04-23T11:25:26.043+08:00] screenshotBase64 end, cost: 81ms
[2026-04-23T11:25:26.142+08:00] screenshotBase64 begin
[2026-04-23T11:25:26.220+08:00] screenshotBase64 end, cost: 78ms
[2026-04-23T11:25:35.005+08:00] screenshotBase64 begin
[2026-04-23T11:25:35.092+08:00] screenshotBase64 end, cost: 87ms
[2026-04-23T11:25:35.355+08:00] mouse move to 570, 355
[2026-04-23T11:25:35.357+08:00] mouse click 570, 355, left, 1
[2026-04-23T11:25:35.670+08:00] waitForNavigation begin at moment afterInvokeAction with timeout: 5000 and actionName: Tap
[2026-04-23T11:25:35.670+08:00] waitForNetworkIdle begin at moment afterInvokeAction with timeout: 2000 and concurrency: 2 and actionName: Tap
[2026-04-23T11:25:35.677+08:00] waitForNavigation end
[2026-04-23T11:25:35.876+08:00] waitForNetworkIdle end
[2026-04-23T11:25:35.876+08:00] screenshotBase64 begin
[2026-04-23T11:25:35.944+08:00] screenshotBase64 end, cost: 68ms
[2026-04-23T11:25:41.757+08:00] screenshotBase64 begin
[2026-04-23T11:25:41.830+08:00] screenshotBase64 end, cost: 73ms
[2026-04-23T11:25:42.090+08:00] mouse move to 1125, 355
[2026-04-23T11:25:42.092+08:00] mouse click 1125, 355, left, 1
[2026-04-23T11:25:42.404+08:00] waitForNavigation begin at moment afterInvokeAction with timeout: 5000 and actionName: Tap
[2026-04-23T11:25:42.404+08:00] waitForNetworkIdle begin at moment afterInvokeAction with timeout: 2000 and concurrency: 2 and actionName: Tap
[2026-04-23T11:25:42.410+08:00] waitForNavigation end
[2026-04-23T11:25:42.607+08:00] waitForNetworkIdle end
[2026-04-23T11:25:42.607+08:00] screenshotBase64 begin
[2026-04-23T11:25:42.685+08:00] screenshotBase64 end, cost: 78ms
[2026-04-23T11:25:47.212+08:00] screenshotBase64 begin
[2026-04-23T11:25:47.282+08:00] screenshotBase64 end, cost: 70ms
[2026-04-23T11:25:47.548+08:00] mouse move to 570, 605
[2026-04-23T11:25:47.551+08:00] mouse click 570, 605, left, 1
[2026-04-23T11:25:47.860+08:00] waitForNavigation begin at moment afterInvokeAction with timeout: 5000 and actionName: Tap
[2026-04-23T11:25:47.860+08:00] waitForNetworkIdle begin at moment afterInvokeAction with timeout: 2000 and concurrency: 2 and actionName: Tap
[2026-04-23T11:25:47.867+08:00] waitForNavigation end
[2026-04-23T11:25:48.061+08:00] waitForNetworkIdle end
[2026-04-23T11:25:48.062+08:00] screenshotBase64 begin
[2026-04-23T11:25:48.131+08:00] screenshotBase64 end, cost: 69ms
[2026-04-23T11:25:52.457+08:00] screenshotBase64 begin
[2026-04-23T11:25:52.536+08:00] screenshotBase64 end, cost: 80ms
[2026-04-23T11:25:52.629+08:00] screenshotBase64 begin
[2026-04-23T11:25:52.709+08:00] screenshotBase64 end, cost: 80ms
[2026-04-23T11:25:55.089+08:00] screenshotBase64 begin
[2026-04-23T11:25:55.180+08:00] screenshotBase64 end, cost: 91ms
[2026-04-23T11:25:55.275+08:00] screenshotBase64 begin
[2026-04-23T11:25:55.355+08:00] screenshotBase64 end, cost: 80ms
[2026-04-23T11:25:59.181+08:00] screenshotBase64 begin
[2026-04-23T11:25:59.270+08:00] screenshotBase64 end, cost: 89ms
[2026-04-23T11:25:59.532+08:00] mouse move to 1382, 23
[2026-04-23T11:25:59.535+08:00] mouse click 1382, 23, left, 1
[2026-04-23T11:25:59.844+08:00] waitForNavigation begin at moment afterInvokeAction with timeout: 5000 and actionName: Tap
[2026-04-23T11:25:59.844+08:00] waitForNetworkIdle begin at moment afterInvokeAction with timeout: 2000 and concurrency: 2 and actionName: Tap
[2026-04-23T11:25:59.852+08:00] waitForNavigation end
[2026-04-23T11:26:00.048+08:00] waitForNetworkIdle end
[2026-04-23T11:26:00.048+08:00] screenshotBase64 begin
[2026-04-23T11:26:00.134+08:00] screenshotBase64 end, cost: 86ms
[2026-04-23T11:26:03.057+08:00] screenshotBase64 begin
[2026-04-23T11:26:03.139+08:00] screenshotBase64 end, cost: 82ms
[2026-04-23T11:26:03.223+08:00] screenshotBase64 begin
[2026-04-23T11:26:03.289+08:00] screenshotBase64 end, cost: 66ms
[2026-04-23T11:26:06.016+08:00] screenshotBase64 begin
[2026-04-23T11:26:06.083+08:00] screenshotBase64 end, cost: 67ms
